Determining if the pthread_create exist failed with the following output:
Change Dir: /home/rivindu/frontier_expo/build/catkin_tools_prebuild/CMakeFiles/CMakeTmp

Run Build Command:"/usr/bin/make" "cmTC_1435d/fast"
/usr/bin/make -f CMakeFiles/cmTC_1435d.dir/build.make CMakeFiles/cmTC_1435d.dir/build
make[1]: Entering directory '/home/rivindu/frontier_expo/build/catkin_tools_prebuild/CMakeFiles/CMakeTmp'
Building C object CMakeFiles/cmTC_1435d.dir/CheckSymbolExists.c.o
/usr/bin/cc    -o CMakeFiles/cmTC_1435d.dir/CheckSymbolExists.c.o   -c /home/rivindu/frontier_expo/build/catkin_tools_prebuild/CMakeFiles/CMakeTmp/CheckSymbolExists.c
Linking C executable cmTC_1435d
/usr/bin/cmake -E cmake_link_script CMakeFiles/cmTC_1435d.dir/link.txt --verbose=1
/usr/bin/cc      -rdynamic CMakeFiles/cmTC_1435d.dir/CheckSymbolExists.c.o  -o cmTC_1435d 
CMakeFiles/cmTC_1435d.dir/CheckSymbolExists.c.o: In function `main':
CheckSymbolExists.c:(.text+0x1b): undefined reference to `pthread_create'
collect2: error: ld returned 1 exit status
CMakeFiles/cmTC_1435d.dir/build.make:97: recipe for target 'cmTC_1435d' failed
make[1]: *** [cmTC_1435d] Error 1
make[1]: Leaving directory '/home/rivindu/frontier_expo/build/catkin_tools_prebuild/CMakeFiles/CMakeTmp'
Makefile:126: recipe for target 'cmTC_1435d/fast' failed
make: *** [cmTC_1435d/fast] Error 2

File /home/rivindu/frontier_expo/build/catkin_tools_prebuild/CMakeFiles/CMakeTmp/CheckSymbolExists.c:
/* */
#include <pthread.h>

int main(int argc, char** argv)
{
  (void)argv;
#ifndef pthread_create
  return ((int*)(&pthread_create))[argc];
#else
  (void)argc;
  return 0;
#endif
}

Determining if the function pthread_create exists in the pthreads failed with the following output:
Change Dir: /home/rivindu/frontier_expo/build/catkin_tools_prebuild/CMakeFiles/CMakeTmp

Run Build Command:"/usr/bin/make" "cmTC_e5cd2/fast"
/usr/bin/make -f CMakeFiles/cmTC_e5cd2.dir/build.make CMakeFiles/cmTC_e5cd2.dir/build
make[1]: Entering directory '/home/rivindu/frontier_expo/build/catkin_tools_prebuild/CMakeFiles/CMakeTmp'
Building C object CMakeFiles/cmTC_e5cd2.dir/CheckFunctionExists.c.o
/usr/bin/cc   -DCHECK_FUNCTION_EXISTS=pthread_create   -o CMakeFiles/cmTC_e5cd2.dir/CheckFunctionExists.c.o   -c /usr/share/cmake-3.10/Modules/CheckFunctionExists.c
Linking C executable cmTC_e5cd2
/usr/bin/cmake -E cmake_link_script CMakeFiles/cmTC_e5cd2.dir/link.txt --verbose=1
/usr/bin/cc  -DCHECK_FUNCTION_EXISTS=pthread_create    -rdynamic CMakeFiles/cmTC_e5cd2.dir/CheckFunctionExists.c.o  -o cmTC_e5cd2 -lpthreads 
/usr/bin/ld: cannot find -lpthreads
collect2: error: ld returned 1 exit status
CMakeFiles/cmTC_e5cd2.dir/build.make:97: recipe for target 'cmTC_e5cd2' failed
make[1]: *** [cmTC_e5cd2] Error 1
make[1]: Leaving directory '/home/rivindu/frontier_expo/build/catkin_tools_prebuild/CMakeFiles/CMakeTmp'
Makefile:126: recipe for target 'cmTC_e5cd2/fast' failed
make: *** [cmTC_e5cd2/fast] Error 2


