Symlinking /home/rivindu/frontier_expo/catkin_ws/devel/lib/python2.7/dist-packages/front_expo/__init__.py
Symlinking /home/rivindu/frontier_expo/catkin_ws/devel/lib/python2.7/dist-packages/front_expo/msg/_DoDishesActionFeedback.py
Symlinking /home/rivindu/frontier_expo/catkin_ws/devel/lib/python2.7/dist-packages/front_expo/msg/_DoDishesGoal.py
Symlinking /home/rivindu/frontier_expo/catkin_ws/devel/lib/python2.7/dist-packages/front_expo/msg/_DoDishesResult.py
Symlinking /home/rivindu/frontier_expo/catkin_ws/devel/lib/python2.7/dist-packages/front_expo/msg/__init__.py
Symlinking /home/rivindu/frontier_expo/catkin_ws/devel/lib/python2.7/dist-packages/front_expo/msg/_DoDishesAction.py
Symlinking /home/rivindu/frontier_expo/catkin_ws/devel/lib/python2.7/dist-packages/front_expo/msg/_DoDishesFeedback.py
Symlinking /home/rivindu/frontier_expo/catkin_ws/devel/lib/python2.7/dist-packages/front_expo/msg/_DoDishesActionGoal.py
Symlinking /home/rivindu/frontier_expo/catkin_ws/devel/lib/python2.7/dist-packages/front_expo/msg/_DoDishesActionResult.py
Linked: (/home/rivindu/frontier_expo/catkin_ws/devel/.private/front_expo/lib/pkgconfig/front_expo.pc, /home/rivindu/frontier_expo/catkin_ws/devel/lib/pkgconfig/front_expo.pc)
Symlinking /home/rivindu/frontier_expo/catkin_ws/devel/include/front_expo/DoDishesActionGoal.h
Symlinking /home/rivindu/frontier_expo/catkin_ws/devel/include/front_expo/DoDishesAction.h
Symlinking /home/rivindu/frontier_expo/catkin_ws/devel/include/front_expo/DoDishesActionResult.h
Symlinking /home/rivindu/frontier_expo/catkin_ws/devel/include/front_expo/DoDishesGoal.h
Symlinking /home/rivindu/frontier_expo/catkin_ws/devel/include/front_expo/DoDishesActionFeedback.h
Symlinking /home/rivindu/frontier_expo/catkin_ws/devel/include/front_expo/DoDishesResult.h
Symlinking /home/rivindu/frontier_expo/catkin_ws/devel/include/front_expo/DoDishesFeedback.h
Symlinking /home/rivindu/frontier_expo/catkin_ws/devel/share/gennodejs/ros/front_expo/_index.js
Symlinking /home/rivindu/frontier_expo/catkin_ws/devel/share/gennodejs/ros/front_expo/msg/DoDishesFeedback.js
Symlinking /home/rivindu/frontier_expo/catkin_ws/devel/share/gennodejs/ros/front_expo/msg/DoDishesAction.js
Symlinking /home/rivindu/frontier_expo/catkin_ws/devel/share/gennodejs/ros/front_expo/msg/DoDishesResult.js
Symlinking /home/rivindu/frontier_expo/catkin_ws/devel/share/gennodejs/ros/front_expo/msg/DoDishesActionFeedback.js
Symlinking /home/rivindu/frontier_expo/catkin_ws/devel/share/gennodejs/ros/front_expo/msg/DoDishesGoal.js
Symlinking /home/rivindu/frontier_expo/catkin_ws/devel/share/gennodejs/ros/front_expo/msg/DoDishesActionResult.js
Symlinking /home/rivindu/frontier_expo/catkin_ws/devel/share/gennodejs/ros/front_expo/msg/_index.js
Symlinking /home/rivindu/frontier_expo/catkin_ws/devel/share/gennodejs/ros/front_expo/msg/DoDishesActionGoal.js
Symlinking /home/rivindu/frontier_expo/catkin_ws/devel/share/common-lisp/ros/front_expo/msg/_package_DoDishesFeedback.lisp
Symlinking /home/rivindu/frontier_expo/catkin_ws/devel/share/common-lisp/ros/front_expo/msg/DoDishesGoal.lisp
Symlinking /home/rivindu/frontier_expo/catkin_ws/devel/share/common-lisp/ros/front_expo/msg/_package_DoDishesActionGoal.lisp
Symlinking /home/rivindu/frontier_expo/catkin_ws/devel/share/common-lisp/ros/front_expo/msg/_package_DoDishesActionFeedback.lisp
Symlinking /home/rivindu/frontier_expo/catkin_ws/devel/share/common-lisp/ros/front_expo/msg/DoDishesActionFeedback.lisp
Symlinking /home/rivindu/frontier_expo/catkin_ws/devel/share/common-lisp/ros/front_expo/msg/_package_DoDishesActionResult.lisp
Symlinking /home/rivindu/frontier_expo/catkin_ws/devel/share/common-lisp/ros/front_expo/msg/front_expo-msg.asd
Symlinking /home/rivindu/frontier_expo/catkin_ws/devel/share/common-lisp/ros/front_expo/msg/DoDishesFeedback.lisp
Symlinking /home/rivindu/frontier_expo/catkin_ws/devel/share/common-lisp/ros/front_expo/msg/DoDishesActionGoal.lisp
Symlinking /home/rivindu/frontier_expo/catkin_ws/devel/share/common-lisp/ros/front_expo/msg/_package_DoDishesAction.lisp
Symlinking /home/rivindu/frontier_expo/catkin_ws/devel/share/common-lisp/ros/front_expo/msg/_package.lisp
Symlinking /home/rivindu/frontier_expo/catkin_ws/devel/share/common-lisp/ros/front_expo/msg/DoDishesAction.lisp
Symlinking /home/rivindu/frontier_expo/catkin_ws/devel/share/common-lisp/ros/front_expo/msg/_package_DoDishesGoal.lisp
Symlinking /home/rivindu/frontier_expo/catkin_ws/devel/share/common-lisp/ros/front_expo/msg/DoDishesResult.lisp
Symlinking /home/rivindu/frontier_expo/catkin_ws/devel/share/common-lisp/ros/front_expo/msg/_package_DoDishesResult.lisp
Symlinking /home/rivindu/frontier_expo/catkin_ws/devel/share/common-lisp/ros/front_expo/msg/DoDishesActionResult.lisp
Symlinking /home/rivindu/frontier_expo/catkin_ws/devel/share/roseus/ros/front_expo/manifest.l
Symlinking /home/rivindu/frontier_expo/catkin_ws/devel/share/roseus/ros/front_expo/msg/DoDishesActionGoal.l
Symlinking /home/rivindu/frontier_expo/catkin_ws/devel/share/roseus/ros/front_expo/msg/DoDishesActionFeedback.l
Symlinking /home/rivindu/frontier_expo/catkin_ws/devel/share/roseus/ros/front_expo/msg/DoDishesResult.l
Symlinking /home/rivindu/frontier_expo/catkin_ws/devel/share/roseus/ros/front_expo/msg/DoDishesGoal.l
Symlinking /home/rivindu/frontier_expo/catkin_ws/devel/share/roseus/ros/front_expo/msg/DoDishesAction.l
Symlinking /home/rivindu/frontier_expo/catkin_ws/devel/share/roseus/ros/front_expo/msg/DoDishesFeedback.l
Symlinking /home/rivindu/frontier_expo/catkin_ws/devel/share/roseus/ros/front_expo/msg/DoDishesActionResult.l
Symlinking /home/rivindu/frontier_expo/catkin_ws/devel/share/front_expo/cmake/front_expo-msg-extras.cmake
Linked: (/home/rivindu/frontier_expo/catkin_ws/devel/.private/front_expo/share/front_expo/cmake/front_expoConfig-version.cmake, /home/rivindu/frontier_expo/catkin_ws/devel/share/front_expo/cmake/front_expoConfig-version.cmake)
Linked: (/home/rivindu/frontier_expo/catkin_ws/devel/.private/front_expo/share/front_expo/cmake/front_expoConfig.cmake, /home/rivindu/frontier_expo/catkin_ws/devel/share/front_expo/cmake/front_expoConfig.cmake)
Symlinking /home/rivindu/frontier_expo/catkin_ws/devel/share/front_expo/cmake/front_expo-msg-paths.cmake
Symlinking /home/rivindu/frontier_expo/catkin_ws/devel/share/front_expo/msg/DoDishesActionResult.msg
Symlinking /home/rivindu/frontier_expo/catkin_ws/devel/share/front_expo/msg/DoDishesActionFeedback.msg
Symlinking /home/rivindu/frontier_expo/catkin_ws/devel/share/front_expo/msg/DoDishesAction.msg
Symlinking /home/rivindu/frontier_expo/catkin_ws/devel/share/front_expo/msg/DoDishesActionGoal.msg
Symlinking /home/rivindu/frontier_expo/catkin_ws/devel/share/front_expo/msg/DoDishesFeedback.msg
Symlinking /home/rivindu/frontier_expo/catkin_ws/devel/share/front_expo/msg/DoDishesGoal.msg
Symlinking /home/rivindu/frontier_expo/catkin_ws/devel/share/front_expo/msg/DoDishesResult.msg
