[36m--[0m Using CATKIN_DEVEL_PREFIX: /home/rivindu/frontier_expo/catkin_ws/devel/.private/front_expo
[36m--[0m Using CMAKE_PREFIX_PATH: /home/rivindu/frontier_expo/catkin_ws/devel;/opt/ros/melodic
[36m--[0m This workspace overlays: /home/rivindu/frontier_expo/catkin_ws/devel;/opt/ros/melodic
[36m--[0m Found PythonInterp: /usr/bin/python2 (found suitable version "2.7.15", minimum required is "2")
[36m--[0m Using PYTHON_EXECUTABLE: /usr/bin/python2
[36m--[0m Using Debian Python package layout
[36m--[0m Using empy: /usr/bin/empy
[36m--[0m Using CATKIN_ENABLE_TESTING: ON
[36m--[0m Call enable_testing()
[36m--[0m Using CATKIN_TEST_RESULTS_DIR: /home/rivindu/frontier_expo/catkin_ws/build/front_expo/test_results
[36m--[0m Found gmock sources under '/usr/src/googletest': gmock will be built
[36m--[0m Found PythonInterp: /usr/bin/python2 (found version "2.7.15")
[36m--[0m Found gtest sources under '/usr/src/googletest': gtests will be built
[36m--[0m Using Python nosetests: /usr/bin/nosetests-2.7
[36m--[0m catkin 0.7.17
[36m--[0m BUILD_SHARED_LIBS is on
[36m--[0m Using these message generators: gencpp;geneus;genlisp;gennodejs;genpy
[31m[1mCMake Error[0m at /opt/ros/melodic/share/actionlib_msgs/cmake/actionlib_msgs-extras.cmake:20 (message):
  add_action_files() directory not found:
  /home/rivindu/frontier_expo/catkin_ws/src/front_expo/action
[36mCall Stack (most recent call first):[0m
  CMakeLists.txt:66 (add_action_files)


[36m--[0m Configuring incomplete, errors occurred!
See also "/home/rivindu/frontier_expo/catkin_ws/build/front_expo/CMakeFiles/CMakeOutput.log".
See also "/home/rivindu/frontier_expo/catkin_ws/build/front_expo/CMakeFiles/CMakeError.log".
Makefile:530: recipe for target 'cmake_check_build_system' failed
make: *** [cmake_check_build_system] Error 1
