[35m[1mScanning dependencies of target _front_expo_generate_messages_check_deps_DoDishesActionFeedback[0m
[  0%] Built target _front_expo_generate_messages_check_deps_DoDishesActionFeedback
[35m[1mScanning dependencies of target _front_expo_generate_messages_check_deps_DoDishesAction[0m
[  0%] Built target _front_expo_generate_messages_check_deps_DoDishesAction
[35m[1mScanning dependencies of target actionlib_msgs_generate_messages_cpp[0m
[  0%] Built target actionlib_msgs_generate_messages_cpp
[35m[1mScanning dependencies of target _front_expo_generate_messages_check_deps_DoDishesActionGoal[0m
[  0%] Built target _front_expo_generate_messages_check_deps_DoDishesActionGoal
[35m[1mScanning dependencies of target _front_expo_generate_messages_check_deps_DoDishesGoal[0m
[  0%] Built target _front_expo_generate_messages_check_deps_DoDishesGoal
[35m[1mScanning dependencies of target _front_expo_generate_messages_check_deps_DoDishesResult[0m
[  0%] Built target _front_expo_generate_messages_check_deps_DoDishesResult
[35m[1mScanning dependencies of target _front_expo_generate_messages_check_deps_DoDishesActionResult[0m
[  0%] Built target _front_expo_generate_messages_check_deps_DoDishesActionResult
[35m[1mScanning dependencies of target _front_expo_generate_messages_check_deps_DoDishesFeedback[0m
[  0%] Built target _front_expo_generate_messages_check_deps_DoDishesFeedback
[35m[1mScanning dependencies of target actionlib_msgs_generate_messages_py[0m
[  0%] Built target actionlib_msgs_generate_messages_py
[35m[1mScanning dependencies of target actionlib_msgs_generate_messages_nodejs[0m
[  0%] Built target actionlib_msgs_generate_messages_nodejs
[35m[1mScanning dependencies of target actionlib_msgs_generate_messages_eus[0m
[  0%] Built target actionlib_msgs_generate_messages_eus
[35m[1mScanning dependencies of target actionlib_msgs_generate_messages_lisp[0m
[  0%] Built target actionlib_msgs_generate_messages_lisp
[35m[1mScanning dependencies of target front_expo_generate_messages_cpp[0m
[  2%] [34m[1mGenerating C++ code from front_expo/DoDishesFeedback.msg[0m
[  5%] [34m[1mGenerating C++ code from front_expo/DoDishesActionGoal.msg[0m
[  8%] [34m[1mGenerating C++ code from front_expo/DoDishesResult.msg[0m
[ 10%] [34m[1mGenerating C++ code from front_expo/DoDishesGoal.msg[0m
[ 13%] [34m[1mGenerating C++ code from front_expo/DoDishesActionResult.msg[0m
[ 16%] [34m[1mGenerating C++ code from front_expo/DoDishesActionFeedback.msg[0m
[ 18%] [34m[1mGenerating C++ code from front_expo/DoDishesAction.msg[0m
[ 18%] Built target front_expo_generate_messages_cpp
[35m[1mScanning dependencies of target front_expo_generate_messages_py[0m
[ 21%] [34m[1mGenerating Python from MSG front_expo/DoDishesFeedback[0m
[ 24%] [34m[1mGenerating Python from MSG front_expo/DoDishesActionGoal[0m
[ 27%] [34m[1mGenerating Python from MSG front_expo/DoDishesResult[0m
[ 29%] [34m[1mGenerating Python from MSG front_expo/DoDishesGoal[0m
[ 32%] [34m[1mGenerating Python from MSG front_expo/DoDishesActionResult[0m
[ 35%] [34m[1mGenerating Python from MSG front_expo/DoDishesActionFeedback[0m
[ 37%] [34m[1mGenerating Python from MSG front_expo/DoDishesAction[0m
[ 40%] [34m[1mGenerating Python msg __init__.py for front_expo[0m
[ 40%] Built target front_expo_generate_messages_py
[35m[1mScanning dependencies of target front_expo_generate_messages_nodejs[0m
[ 43%] [34m[1mGenerating Javascript code from front_expo/DoDishesFeedback.msg[0m
[ 45%] [34m[1mGenerating Javascript code from front_expo/DoDishesActionGoal.msg[0m
[ 48%] [34m[1mGenerating Javascript code from front_expo/DoDishesResult.msg[0m
[ 51%] [34m[1mGenerating Javascript code from front_expo/DoDishesGoal.msg[0m
[ 54%] [34m[1mGenerating Javascript code from front_expo/DoDishesActionResult.msg[0m
[ 56%] [34m[1mGenerating Javascript code from front_expo/DoDishesActionFeedback.msg[0m
[ 59%] [34m[1mGenerating Javascript code from front_expo/DoDishesAction.msg[0m
[ 59%] Built target front_expo_generate_messages_nodejs
[35m[1mScanning dependencies of target front_expo_generate_messages_eus[0m
[ 62%] [34m[1mGenerating EusLisp code from front_expo/DoDishesFeedback.msg[0m
[ 64%] [34m[1mGenerating EusLisp code from front_expo/DoDishesActionGoal.msg[0m
[ 67%] [34m[1mGenerating EusLisp code from front_expo/DoDishesResult.msg[0m
[ 70%] [34m[1mGenerating EusLisp code from front_expo/DoDishesGoal.msg[0m
[ 72%] [34m[1mGenerating EusLisp code from front_expo/DoDishesActionResult.msg[0m
[ 75%] [34m[1mGenerating EusLisp code from front_expo/DoDishesActionFeedback.msg[0m
[ 78%] [34m[1mGenerating EusLisp code from front_expo/DoDishesAction.msg[0m
[ 81%] [34m[1mGenerating EusLisp manifest code for front_expo[0m
[ 81%] Built target front_expo_generate_messages_eus
[35m[1mScanning dependencies of target front_expo_generate_messages_lisp[0m
[ 83%] [34m[1mGenerating Lisp code from front_expo/DoDishesFeedback.msg[0m
[ 86%] [34m[1mGenerating Lisp code from front_expo/DoDishesActionGoal.msg[0m
[ 89%] [34m[1mGenerating Lisp code from front_expo/DoDishesResult.msg[0m
[ 91%] [34m[1mGenerating Lisp code from front_expo/DoDishesGoal.msg[0m
[ 94%] [34m[1mGenerating Lisp code from front_expo/DoDishesActionResult.msg[0m
[ 97%] [34m[1mGenerating Lisp code from front_expo/DoDishesActionFeedback.msg[0m
[100%] [34m[1mGenerating Lisp code from front_expo/DoDishesAction.msg[0m
[100%] Built target front_expo_generate_messages_lisp
[35m[1mScanning dependencies of target front_expo_generate_messages[0m
[100%] Built target front_expo_generate_messages
