[36m--[0m Using CATKIN_DEVEL_PREFIX: /home/rivindu/frontier_expo/catkin_ws/devel/.private/front_expo
[36m--[0m Using CMAKE_PREFIX_PATH: /home/rivindu/frontier_expo/catkin_ws/devel;/opt/ros/melodic
[36m--[0m This workspace overlays: /home/rivindu/frontier_expo/catkin_ws/devel;/opt/ros/melodic
[36m--[0m Found PythonInterp: /usr/bin/python2 (found suitable version "2.7.15", minimum required is "2")
[36m--[0m Using PYTHON_EXECUTABLE: /usr/bin/python2
[36m--[0m Using Debian Python package layout
[36m--[0m Using empy: /usr/bin/empy
[36m--[0m Using CATKIN_ENABLE_TESTING: ON
[36m--[0m Call enable_testing()
[36m--[0m Using CATKIN_TEST_RESULTS_DIR: /home/rivindu/frontier_expo/catkin_ws/build/front_expo/test_results
[36m--[0m Found gtest sources under '/usr/src/googletest': gtests will be built
[36m--[0m Found gmock sources under '/usr/src/googletest': gmock will be built
[36m--[0m Found PythonInterp: /usr/bin/python2 (found version "2.7.15")
[36m--[0m Using Python nosetests: /usr/bin/nosetests-2.7
[36m--[0m catkin 0.7.19
[36m--[0m BUILD_SHARED_LIBS is on
[36m--[0m Using these message generators: gencpp;geneus;genlisp;gennodejs;genpy
[36m--[0m Generating .msg files for action front_expo/DoDishes /home/rivindu/frontier_expo/catkin_ws/src/front_expo/action/DoDishes.action
[36m--[0m front_expo: 7 messages, 0 services
[36m--[0m Configuring done
CMake Warning (dev) at CMakeLists.txt:211 (add_dependencies):
  Policy CMP0046 is not set: Error on non-existent dependency in
  add_dependencies.  Run "cmake --help-policy CMP0046" for policy details.
  Use the cmake_policy command to set the policy and suppress this warning.

  The dependency target "beginner_tutorials_generate_messages_cpp" of target
  "talker" does not exist.
This warning is for project developers.  Use -Wno-dev to suppress it.

CMake Warning (dev) at CMakeLists.txt:215 (add_dependencies):
  Policy CMP0046 is not set: Error on non-existent dependency in
  add_dependencies.  Run "cmake --help-policy CMP0046" for policy details.
  Use the cmake_policy command to set the policy and suppress this warning.

  The dependency target "beginner_tutorials_generate_messages_cpp" of target
  "listener" does not exist.
This warning is for project developers.  Use -Wno-dev to suppress it.

[36m--[0m Generating done
[36m--[0m Build files have been written to: /home/rivindu/frontier_expo/catkin_ws/build/front_expo
