[35m[1mScanning dependencies of target talker[0m
[  2%] [32mBuilding CXX object CMakeFiles/talker.dir/src/ex_publisher.cpp.o[0m
[  4%] [32m[1mLinking CXX executable /home/rivindu/frontier_expo/catkin_ws/devel/.private/front_expo/lib/front_expo/talker[0m
[  4%] Built target talker
[35m[1mScanning dependencies of target listener[0m
[  7%] [32mBuilding CXX object CMakeFiles/listener.dir/src/ex_subscriber.cpp.o[0m
[  9%] [32m[1mLinking CXX executable /home/rivindu/frontier_expo/catkin_ws/devel/.private/front_expo/lib/front_expo/listener[0m
[  9%] Built target listener
[  9%] Built target _front_expo_generate_messages_check_deps_DoDishesActionFeedback
[  9%] Built target _front_expo_generate_messages_check_deps_DoDishesAction
[  9%] Built target actionlib_msgs_generate_messages_cpp
[  9%] Built target _front_expo_generate_messages_check_deps_DoDishesActionGoal
[  9%] Built target _front_expo_generate_messages_check_deps_DoDishesGoal
[  9%] Built target _front_expo_generate_messages_check_deps_DoDishesResult
[  9%] Built target _front_expo_generate_messages_check_deps_DoDishesActionResult
[  9%] Built target _front_expo_generate_messages_check_deps_DoDishesFeedback
[  9%] Built target actionlib_msgs_generate_messages_py
[  9%] Built target actionlib_msgs_generate_messages_nodejs
[  9%] Built target actionlib_msgs_generate_messages_eus
[  9%] Built target actionlib_msgs_generate_messages_lisp
[ 26%] Built target front_expo_generate_messages_cpp
[ 46%] Built target front_expo_generate_messages_py
[ 63%] Built target front_expo_generate_messages_nodejs
[ 82%] Built target front_expo_generate_messages_eus
[100%] Built target front_expo_generate_messages_lisp
[100%] Built target front_expo_generate_messages
